<!DOCTYPE html PUBLIC "-//W3C//DTD XHTML 1.1//EN" "http://www.w3.org/TR/xhtml11/DTD/xhtml11.dtd">
<html xmlns="http://www.w3.org/1999/xhtml"><head><title>TestNG Report</title><style type="text/css">table {margin-bottom:10px;border-collapse:collapse;empty-cells:show}th,td {border:1px solid #009;padding:.25em .5em}th {vertical-align:bottom}td {vertical-align:top}table a {font-weight:bold}.stripe td {background-color: #E6EBF9}.num {text-align:right}.passedodd td {background-color: #3F3}.passedeven td {background-color: #0A0}.skippedodd td {background-color: #DDD}.skippedeven td {background-color: #CCC}.failedodd td,.attn {background-color: #F33}.failedeven td,.stripe .attn {background-color: #D00}.stacktrace {white-space:pre;font-family:monospace}.totop {font-size:85%;text-align:center;border-bottom:2px solid #000}</style></head><body><table><tr><th>Test</th><th># Passed</th><th># Skipped</th><th># Failed</th><th>Time (ms)</th><th>Included Groups</th><th>Excluded Groups</th></tr><tr><th colspan="7">Default suite</th></tr><tr><td><a href="#t0">Default test</a></td><td class="num">11</td><td class="num">0</td><td class="num attn">3</td><td class="num">123 107</td><td></td><td></td></tr></table><table><thead><tr><th>Class</th><th>Method</th><th>Start</th><th>Time (ms)</th></tr></thead><tbody><tr><th colspan="4">Default suite</th></tr></tbody><tbody id="t0"><tr><th colspan="4">Default test &#8212; failed</th></tr><tr class="failedeven"><td rowspan="3">org.umlsync.autotest.filemenu.TestClassDiagram</td><td><a href="#m0">testClassDiagram_OperationManager_ClassResizeComplex</a></td><td rowspan="1">1358156175769</td><td rowspan="1">4510</td></tr><tr class="failedeven"><td><a href="#m1">testClassDiagram_OperationManager_ClassResizeComplexWithAttributes</a></td><td rowspan="1">1358156180299</td><td rowspan="1">11220</td></tr><tr class="failedeven"><td><a href="#m2">testClassDiagram_OperationManager_ClassResizeSimple</a></td><td rowspan="1">1358156191519</td><td rowspan="1">2660</td></tr><tr><th colspan="4">Default test &#8212; passed</th></tr><tr class="passedeven"><td rowspan="11">org.umlsync.autotest.filemenu.TestClassDiagram</td><td><a href="#m3">testClassDiagram_EditableFields</a></td><td rowspan="1">1358156116691</td><td rowspan="1">30876</td></tr><tr class="passedeven"><td><a href="#m4">testClassDiagram_EditableTitle</a></td><td rowspan="1">1358156147567</td><td rowspan="1">1050</td></tr><tr class="passedeven"><td><a href="#m5">testClassDiagram_OperationManager_ClassInternals</a></td><td rowspan="1">1358156148622</td><td rowspan="1">7850</td></tr><tr class="passedeven"><td><a href="#m6">testClassDiagram_OperationManager_ClassInternalsWithRename</a></td><td rowspan="1">1358156156472</td><td rowspan="1">19292</td></tr><tr class="passedeven"><td><a href="#m7">testClassDiagram_OperationManager_ConnectorsSimple</a></td><td rowspan="1">1358156194179</td><td rowspan="1">10595</td></tr><tr class="passedeven"><td><a href="#m8">testClassDiagram_OperationManager_DND</a></td><td rowspan="1">1358156204774</td><td rowspan="1">3680</td></tr><tr class="passedeven"><td><a href="#m9">testClassDiagram_OperationManager_DNDMultiple</a></td><td rowspan="1">1358156208454</td><td rowspan="1">11945</td></tr><tr class="passedeven"><td><a href="#m10">testClassDiagram_OperationManager_IconMenu</a></td><td rowspan="2">1358156225079</td><td rowspan="2">6359</td></tr><tr class="passedeven"><td><a href="#m11">testClassDiagram_OperationManager_IconMenu</a></td></tr><tr class="passedeven"><td><a href="#m12">testClassDiagram_OperationManager_Remove</a></td><td rowspan="1">1358156231438</td><td rowspan="1">6915</td></tr><tr class="passedeven"><td><a href="#m13">testClassDiagram_OperationManager_RemovedQueueClean</a></td><td rowspan="1">1358156238353</td><td rowspan="1">1400</td></tr></tbody></table><h2>Default test</h2><h3 id="m0">org.umlsync.autotest.filemenu.TestClassDiagram#testClassDiagram_OperationManager_ClassResizeComplex</h3><table class="result"><tr><th>Exception</th></tr><tr><td><div class="stacktrace">java.lang.AssertionError: expected [true] but found [false]
	at org.testng.Assert.fail(Assert.java:94)
	at org.testng.Assert.failNotEquals(Assert.java:494)
	at org.testng.Assert.assertTrue(Assert.java:42)
	at org.testng.Assert.assertTrue(Assert.java:52)
	at org.umlsync.autotest.filemenu.TestClassDiagram.testClassDiagram_OperationManager_ClassResizeComplex(TestClassDiagram.java:336)
	at sun.reflect.NativeMethodAccessorImpl.invoke0(Native Method)
	at sun.reflect.NativeMethodAccessorImpl.invoke(Unknown Source)
	at sun.reflect.DelegatingMethodAccessorImpl.invoke(Unknown Source)
	at java.lang.reflect.Method.invoke(Unknown Source)
	at org.testng.internal.MethodInvocationHelper.invokeMethod(MethodInvocationHelper.java:80)
	at org.testng.internal.Invoker.invokeMethod(Invoker.java:714)
	at org.testng.internal.Invoker.invokeTestMethod(Invoker.java:901)
	at org.testng.internal.Invoker.invokeTestMethods(Invoker.java:1231)
	at org.testng.internal.TestMethodWorker.invokeTestMethods(TestMethodWorker.java:128)
	at org.testng.internal.TestMethodWorker.run(TestMethodWorker.java:111)
	at org.testng.TestRunner.privateRun(TestRunner.java:767)
	at org.testng.TestRunner.run(TestRunner.java:617)
	at org.testng.SuiteRunner.runTest(SuiteRunner.java:334)
	at org.testng.SuiteRunner.runSequentially(SuiteRunner.java:329)
	at org.testng.SuiteRunner.privateRun(SuiteRunner.java:291)
	at org.testng.SuiteRunner.run(SuiteRunner.java:240)
	at org.testng.SuiteRunnerWorker.runSuite(SuiteRunnerWorker.java:52)
	at org.testng.SuiteRunnerWorker.run(SuiteRunnerWorker.java:86)
	at org.testng.TestNG.runSuitesSequentially(TestNG.java:1203)
	at org.testng.TestNG.runSuitesLocally(TestNG.java:1128)
	at org.testng.TestNG.run(TestNG.java:1036)
	at org.testng.remote.RemoteTestNG.run(RemoteTestNG.java:111)
	at org.testng.remote.RemoteTestNG.initAndRun(RemoteTestNG.java:204)
	at org.testng.remote.RemoteTestNG.main(RemoteTestNG.java:175)
</div></td></tr></table><p class="totop"><a href="#summary">back to summary</a></p><h3 id="m1">org.umlsync.autotest.filemenu.TestClassDiagram#testClassDiagram_OperationManager_ClassResizeComplexWithAttributes</h3><table class="result"><tr><th>Exception</th></tr><tr><td><div class="stacktrace">java.lang.AssertionError: expected [true] but found [false]
	at org.testng.Assert.fail(Assert.java:94)
	at org.testng.Assert.failNotEquals(Assert.java:494)
	at org.testng.Assert.assertTrue(Assert.java:42)
	at org.testng.Assert.assertTrue(Assert.java:52)
	at org.umlsync.autotest.filemenu.TestClassDiagram.testClassDiagram_OperationManager_ClassResizeComplexWithAttributes(TestClassDiagram.java:379)
	at sun.reflect.NativeMethodAccessorImpl.invoke0(Native Method)
	at sun.reflect.NativeMethodAccessorImpl.invoke(Unknown Source)
	at sun.reflect.DelegatingMethodAccessorImpl.invoke(Unknown Source)
	at java.lang.reflect.Method.invoke(Unknown Source)
	at org.testng.internal.MethodInvocationHelper.invokeMethod(MethodInvocationHelper.java:80)
	at org.testng.internal.Invoker.invokeMethod(Invoker.java:714)
	at org.testng.internal.Invoker.invokeTestMethod(Invoker.java:901)
	at org.testng.internal.Invoker.invokeTestMethods(Invoker.java:1231)
	at org.testng.internal.TestMethodWorker.invokeTestMethods(TestMethodWorker.java:128)
	at org.testng.internal.TestMethodWorker.run(TestMethodWorker.java:111)
	at org.testng.TestRunner.privateRun(TestRunner.java:767)
	at org.testng.TestRunner.run(TestRunner.java:617)
	at org.testng.SuiteRunner.runTest(SuiteRunner.java:334)
	at org.testng.SuiteRunner.runSequentially(SuiteRunner.java:329)
	at org.testng.SuiteRunner.privateRun(SuiteRunner.java:291)
	at org.testng.SuiteRunner.run(SuiteRunner.java:240)
	at org.testng.SuiteRunnerWorker.runSuite(SuiteRunnerWorker.java:52)
	at org.testng.SuiteRunnerWorker.run(SuiteRunnerWorker.java:86)
	at org.testng.TestNG.runSuitesSequentially(TestNG.java:1203)
	at org.testng.TestNG.runSuitesLocally(TestNG.java:1128)
	at org.testng.TestNG.run(TestNG.java:1036)
	at org.testng.remote.RemoteTestNG.run(RemoteTestNG.java:111)
	at org.testng.remote.RemoteTestNG.initAndRun(RemoteTestNG.java:204)
	at org.testng.remote.RemoteTestNG.main(RemoteTestNG.java:175)
</div></td></tr></table><p class="totop"><a href="#summary">back to summary</a></p><h3 id="m2">org.umlsync.autotest.filemenu.TestClassDiagram#testClassDiagram_OperationManager_ClassResizeSimple</h3><table class="result"><tr><th>Exception</th></tr><tr><td><div class="stacktrace">java.lang.AssertionError: expected [true] but found [false]
	at org.testng.Assert.fail(Assert.java:94)
	at org.testng.Assert.failNotEquals(Assert.java:494)
	at org.testng.Assert.assertTrue(Assert.java:42)
	at org.testng.Assert.assertTrue(Assert.java:52)
	at org.umlsync.autotest.filemenu.TestClassDiagram.testClassDiagram_OperationManager_ClassResizeSimple(TestClassDiagram.java:308)
	at sun.reflect.NativeMethodAccessorImpl.invoke0(Native Method)
	at sun.reflect.NativeMethodAccessorImpl.invoke(Unknown Source)
	at sun.reflect.DelegatingMethodAccessorImpl.invoke(Unknown Source)
	at java.lang.reflect.Method.invoke(Unknown Source)
	at org.testng.internal.MethodInvocationHelper.invokeMethod(MethodInvocationHelper.java:80)
	at org.testng.internal.Invoker.invokeMethod(Invoker.java:714)
	at org.testng.internal.Invoker.invokeTestMethod(Invoker.java:901)
	at org.testng.internal.Invoker.invokeTestMethods(Invoker.java:1231)
	at org.testng.internal.TestMethodWorker.invokeTestMethods(TestMethodWorker.java:128)
	at org.testng.internal.TestMethodWorker.run(TestMethodWorker.java:111)
	at org.testng.TestRunner.privateRun(TestRunner.java:767)
	at org.testng.TestRunner.run(TestRunner.java:617)
	at org.testng.SuiteRunner.runTest(SuiteRunner.java:334)
	at org.testng.SuiteRunner.runSequentially(SuiteRunner.java:329)
	at org.testng.SuiteRunner.privateRun(SuiteRunner.java:291)
	at org.testng.SuiteRunner.run(SuiteRunner.java:240)
	at org.testng.SuiteRunnerWorker.runSuite(SuiteRunnerWorker.java:52)
	at org.testng.SuiteRunnerWorker.run(SuiteRunnerWorker.java:86)
	at org.testng.TestNG.runSuitesSequentially(TestNG.java:1203)
	at org.testng.TestNG.runSuitesLocally(TestNG.java:1128)
	at org.testng.TestNG.run(TestNG.java:1036)
	at org.testng.remote.RemoteTestNG.run(RemoteTestNG.java:111)
	at org.testng.remote.RemoteTestNG.initAndRun(RemoteTestNG.java:204)
	at org.testng.remote.RemoteTestNG.main(RemoteTestNG.java:175)
</div></td></tr></table><p class="totop"><a href="#summary">back to summary</a></p><h3 id="m3">org.umlsync.autotest.filemenu.TestClassDiagram#testClassDiagram_EditableFields</h3><table class="result"></table><p class="totop"><a href="#summary">back to summary</a></p><h3 id="m4">org.umlsync.autotest.filemenu.TestClassDiagram#testClassDiagram_EditableTitle</h3><table class="result"></table><p class="totop"><a href="#summary">back to summary</a></p><h3 id="m5">org.umlsync.autotest.filemenu.TestClassDiagram#testClassDiagram_OperationManager_ClassInternals</h3><table class="result"></table><p class="totop"><a href="#summary">back to summary</a></p><h3 id="m6">org.umlsync.autotest.filemenu.TestClassDiagram#testClassDiagram_OperationManager_ClassInternalsWithRename</h3><table class="result"></table><p class="totop"><a href="#summary">back to summary</a></p><h3 id="m7">org.umlsync.autotest.filemenu.TestClassDiagram#testClassDiagram_OperationManager_ConnectorsSimple</h3><table class="result"></table><p class="totop"><a href="#summary">back to summary</a></p><h3 id="m8">org.umlsync.autotest.filemenu.TestClassDiagram#testClassDiagram_OperationManager_DND</h3><table class="result"></table><p class="totop"><a href="#summary">back to summary</a></p><h3 id="m9">org.umlsync.autotest.filemenu.TestClassDiagram#testClassDiagram_OperationManager_DNDMultiple</h3><table class="result"></table><p class="totop"><a href="#summary">back to summary</a></p><h3 id="m10">org.umlsync.autotest.filemenu.TestClassDiagram#testClassDiagram_OperationManager_IconMenu</h3><table class="result"><tr class="param"><th>Parameter #1</th></tr><tr class="param stripe"><td>[org.umlsync.autotest.filemenu.TestClassDiagram$IconElementDescription@3e1b17d6, org.umlsync.autotest.filemenu.TestClassDiagram$IconElementDescription@64ba0274, org.umlsync.autotest.filemenu.TestClassDiagram$IconElementDescription@6ff74155, org.umlsync.autotest.filemenu.TestClassDiagram$IconElementDescription@51e26ce0]</td></tr></table><p class="totop"><a href="#summary">back to summary</a></p><h3 id="m11">org.umlsync.autotest.filemenu.TestClassDiagram#testClassDiagram_OperationManager_IconMenu</h3><table class="result"><tr class="param"><th>Parameter #1</th></tr><tr class="param stripe"><td>[org.umlsync.autotest.filemenu.TestClassDiagram$IconElementDescription@685a101f, org.umlsync.autotest.filemenu.TestClassDiagram$IconElementDescription@70d898be, org.umlsync.autotest.filemenu.TestClassDiagram$IconElementDescription@1c141bd3]</td></tr></table><p class="totop"><a href="#summary">back to summary</a></p><h3 id="m12">org.umlsync.autotest.filemenu.TestClassDiagram#testClassDiagram_OperationManager_Remove</h3><table class="result"></table><p class="totop"><a href="#summary">back to summary</a></p><h3 id="m13">org.umlsync.autotest.filemenu.TestClassDiagram#testClassDiagram_OperationManager_RemovedQueueClean</h3><table class="result"></table><p class="totop"><a href="#summary">back to summary</a></p></body></html>